<?xml version="1.0" encoding="UTF-8"?>
<testsuite name="compra de productos" tests="1" skipped="0" failures="1" errors="0" timestamp="2023-04-05T02:27:17" hostname="LAPTOP-87LGHN0U" time="69.895">
  <properties/>
  <testcase name="Buying products" classname="compra de productos" time="69.895">
    <failure message="io.cucumber.junit.UndefinedStepException: The step 'user selects the product' and 2 other step(s) are undefined.&#10;You can implement these steps using the snippet(s) below:&#10;&#10;@When(&quot;user selects the product&quot;)&#10;public void userSelectsTheProduct() {&#10;    // Write code here that turns the phrase above into concrete actions&#10;    throw new io.cucumber.java.PendingException();&#10;}&#10;@When(&quot;finishes the buying process&quot;)&#10;public void finishesTheBuyingProcess() {&#10;    // Write code here that turns the phrase above into concrete actions&#10;    throw new io.cucumber.java.PendingException();&#10;}&#10;@Then(&quot;f&quot;)&#10;public void f() {&#10;    // Write code here that turns the phrase above into concrete actions&#10;    throw new io.cucumber.java.PendingException();&#10;}&#10;" type="io.cucumber.junit.UndefinedStepException">io.cucumber.junit.UndefinedStepException: The step 'user selects the product' and 2 other step(s) are undefined.
You can implement these steps using the snippet(s) below:

@When(&quot;user selects the product&quot;)
public void userSelectsTheProduct() {
    // Write code here that turns the phrase above into concrete actions
    throw new io.cucumber.java.PendingException();
}
@When(&quot;finishes the buying process&quot;)
public void finishesTheBuyingProcess() {
    // Write code here that turns the phrase above into concrete actions
    throw new io.cucumber.java.PendingException();
}
@Then(&quot;f&quot;)
public void f() {
    // Write code here that turns the phrase above into concrete actions
    throw new io.cucumber.java.PendingException();
}

</failure>
  </testcase>
  <system-out><![CDATA[2023-04-04 21:27:34 INFO  LoginStepsDefinitions:27 Inicia la automatizacion
2023-04-04 21:28:19 INFO  LoginStepsDefinitions:46 Se inicia sesion
]]></system-out>
  <system-err><![CDATA[[Test worker] INFO io.cucumber.core.plugin.SerenityReporter - Running feature from file:///C:/Users/ivan0/Downloads/AutomatizacionIOS/AppiumScreenplayBrowserStackiOS/src/test/resources/features/compra.feature
[Test worker] INFO  - 
  _____   ___   ___   _____     ___   _____     _     ___   _____   ___   ___  
 |_   _| | __| / __| |_   _|   / __| |_   _|   /_\   | _ \ |_   _| | __| |   \ 
   | |   | _|  \__ \   | |     \__ \   | |    / _ \  |   /   | |   | _|  | |) |
   |_|   |___| |___/   |_|     |___/   |_|   /_/ \_\ |_|_\   |_|   |___| |___/ 

Buying products(compra-de-productos;buying-products)
--------------------------------------------------------------------------------
[Test worker] INFO net.thucydides.core.model.TestOutcome - SetUserStory compra de productos
[Test worker] INFO net.thucydides.core.model.TestOutcome - SetUserStory compra de productos
abr 04, 2023 9:27:34 PM io.appium.java_client.remote.AppiumCommandExecutor$1 lambda$0
INFORMACIÃ“N: Detected dialect: OSS
[Test worker] INFO  - 
  _____   ___   ___   _____     ___   ___   _  _   ___    ___   _  _    ___ 
 |_   _| | __| / __| |_   _|   | _ \ | __| | \| | |   \  |_ _| | \| |  / __|
   | |   | _|  \__ \   | |     |  _/ | _|  | .` | | |) |  | |  | .` | | (_ |
   |_|   |___| |___/   |_|     |_|   |___| |_|\_| |___/  |___| |_|\_|  \___|

Buying products
-----------------------------------------------------------------------------
]]></system-err>
</testsuite>
